<?xml version="1.0" encoding="UTF-8"?>
<!-- Generated by org.testng.reporters.JUnitXMLReporter -->
<testsuite ignored="0" hostname="Roshith" failures="0" tests="4" name="Default test" time="18.924" errors="0" timestamp="2024-10-05T11:14:06 BST">
  <testcase classname="TestNG.NewTest" name="openapp" time="14.14"/>
  <testcase classname="TestNG.NewTest" name="testlogo" time="3.095"/>
  <testcase classname="TestNG.NewTest" name="testLogin" time="1.112"/>
  <testcase classname="TestNG.NewTest" name="Closeapp" time="0.46"/>
</testsuite> <!-- Default test -->
