<?xml version="1.0" encoding="UTF-8"?>
<!-- Generated by org.testng.reporters.JUnitXMLReporter -->
<testsuite ignored="0" hostname="Roshith" failures="0" tests="4" name="Test" time="12.541" errors="0" timestamp="2024-10-05T11:17:43 BST">
  <testcase classname="TestNG.NewTest" name="openapp" time="7.928"/>
  <testcase classname="TestNG.NewTest" name="testlogo" time="3.109"/>
  <testcase classname="TestNG.NewTest" name="testLogin" time="1.116"/>
  <testcase classname="TestNG.NewTest" name="Closeapp" time="0.306"/>
</testsuite> <!-- Test -->
