<?xml version="1.0" encoding="UTF-8"?>
<testng-results ignored="0" total="4" passed="4" failed="0" skipped="0">
  <reporter-output>
  </reporter-output>
  <suite started-at="2024-10-05T11:17:31 BST" name="Suite" finished-at="2024-10-05T11:17:43 BST" duration-ms="12541">
    <groups>
    </groups>
    <test started-at="2024-10-05T11:17:31 BST" name="Test" finished-at="2024-10-05T11:17:43 BST" duration-ms="12541">
      <class name="TestNG.NewTest">
        <test-method signature="openapp()[pri:1, instance:TestNG.NewTest@316bcf94]" started-at="2024-10-05T11:17:31 BST" name="openapp" finished-at="2024-10-05T11:17:39 BST" duration-ms="7928" status="PASS">
          <reporter-output>
          </reporter-output>
        </test-method> <!-- openapp -->
        <test-method signature="testlogo()[pri:2, instance:TestNG.NewTest@316bcf94]" started-at="2024-10-05T11:17:39 BST" name="testlogo" finished-at="2024-10-05T11:17:42 BST" duration-ms="3109" status="PASS">
          <reporter-output>
          </reporter-output>
        </test-method> <!-- testlogo -->
        <test-method signature="testLogin()[pri:3, instance:TestNG.NewTest@316bcf94]" started-at="2024-10-05T11:17:42 BST" name="testLogin" finished-at="2024-10-05T11:17:43 BST" duration-ms="1116" status="PASS">
          <reporter-output>
          </reporter-output>
        </test-method> <!-- testLogin -->
        <test-method signature="Closeapp()[pri:4, instance:TestNG.NewTest@316bcf94]" started-at="2024-10-05T11:17:43 BST" name="Closeapp" finished-at="2024-10-05T11:17:43 BST" duration-ms="306" status="PASS">
          <reporter-output>
          </reporter-output>
        </test-method> <!-- Closeapp -->
      </class> <!-- TestNG.NewTest -->
    </test> <!-- Test -->
  </suite> <!-- Suite -->
</testng-results>
